<?xml version="1.0" encoding="UTF-8"?>
<testsuite name="raflms.studentstub.api.StudentStubServiceTest" tests="3" skipped="0" failures="0" errors="0" timestamp="2026-03-24T08:17:41" hostname="Lukas-MacBook-Pro.local" time="1.24">
  <properties/>
  <testcase name="testStartAssignemnt()" classname="raflms.studentstub.api.StudentStubServiceTest" time="0.571"/>
  <testcase name="submitAssignment()" classname="raflms.studentstub.api.StudentStubServiceTest" time="0.393"/>
  <testcase name="test_getAllTestsWithAssignemnts()" classname="raflms.studentstub.api.StudentStubServiceTest" time="0.271"/>
  <system-out><![CDATA[/home/user/raflms/projectsrootdir/OOP/testoop/grupa1/termin1/studentrepos/3cfd28d2-4129-41c0-824d-5b8b23283a6a
[TestWithAssignments{testName='mojsupertest', assigments=[]}, TestWithAssignments{testName='testoop', assigments=[AssignmentData{term='termin1', group='grupa1'}, AssignmentData{term='termin1', group='grupa4'}]}]
]]></system-out>
  <system-err><![CDATA[SLF4J(W): No SLF4J providers were found.
SLF4J(W): Defaulting to no-operation (NOP) logger implementation
SLF4J(W): See https://www.slf4j.org/codes.html#noProviders for further details.
]]></system-err>
</testsuite>
